#0 building with "default" instance using docker driver

#1 [internal] load build definition from Dockerfile
#1 transferring dockerfile: 403B done
#1 DONE 0.0s

#2 [internal] load metadata for docker.io/library/python:3.12.9
#2 DONE 1.9s

#3 [internal] load .dockerignore
#3 transferring context: 2B done
#3 DONE 0.0s

#4 [1/5] FROM docker.io/library/python:3.12.9@sha256:4ece045a9078331fad2da10fe3313fff96cecc429365def92c540cc17d9b1579
#4 DONE 0.0s

#5 [internal] load build context
#5 transferring context: 215.46kB 0.3s done
#5 DONE 0.4s

#6 [2/5] WORKDIR /word_of_the_day
#6 CACHED

#7 [3/5] COPY requirements.txt .
#7 CACHED

#8 [4/5] RUN pip install -r requirements.txt
#8 CACHED

#9 [5/5] COPY . .
#9 DONE 0.8s

#10 exporting to image
#10 exporting layers
#10 exporting layers 0.5s done
#10 writing image sha256:87ac2f9ea9d9cb3d6021ab19b64d9f1d43f1a646f7a6a353827af9d2707d844a
#10 writing image sha256:87ac2f9ea9d9cb3d6021ab19b64d9f1d43f1a646f7a6a353827af9d2707d844a 0.2s done
#10 naming to docker.io/library/word_of_the_day
#10 naming to docker.io/library/word_of_the_day done
#10 DONE 0.7s
Traceback (most recent call last):
  File "/word_of_the_day/src/scraper.py", line 48, in <module>
    print(get_word_of_the_day(soup))
          ^^^^^^^^^^^^^^^^^^^^^^^^^
  File "/word_of_the_day/src/scraper.py", line 12, in get_word_of_the_day
    word = soup.find('h1', class_="js-fit-text").text
           ^^^^^^^^^^^^^^^^^^^^^^^^^^^^^^^^^^^^^^^^^^
AttributeError: 'NoneType' object has no attribute 'text'
