#0 building with "default" instance using docker driver

#1 [internal] load build definition from Dockerfile
#1 transferring dockerfile: 403B done
#1 DONE 0.0s

#2 [internal] load metadata for docker.io/library/python:3.12.9
#2 DONE 1.4s

#3 [internal] load .dockerignore
#3 transferring context: 2B done
#3 DONE 0.0s

#4 [1/5] FROM docker.io/library/python:3.12.9@sha256:4ece045a9078331fad2da10fe3313fff96cecc429365def92c540cc17d9b1579
#4 DONE 0.0s

#5 [internal] load build context
#5 transferring context: 27.72kB 0.1s done
#5 DONE 0.1s

#6 [3/5] COPY requirements.txt .
#6 CACHED

#7 [2/5] WORKDIR /word_of_the_day
#7 CACHED

#8 [4/5] RUN pip install -r requirements.txt
#8 CACHED

#9 [5/5] COPY . .
#9 DONE 0.2s

#10 exporting to image
#10 exporting layers 0.1s done
#10 writing image sha256:32742115b6361a8a1f6330e15af0f32de4aad6160f627a2ae66fe8428ddb0361 0.1s done
#10 naming to docker.io/library/word_of_the_day done
#10 DONE 0.2s
