#0 building with "default" instance using docker driver

#1 [internal] load build definition from Dockerfile
#1 transferring dockerfile: 403B done
#1 DONE 0.0s

#2 [internal] load metadata for docker.io/library/python:3.12.9
#2 DONE 0.9s

#3 [internal] load .dockerignore
#3 transferring context: 2B done
#3 DONE 0.0s

#4 [1/5] FROM docker.io/library/python:3.12.9@sha256:4ece045a9078331fad2da10fe3313fff96cecc429365def92c540cc17d9b1579
#4 CACHED

#5 [2/5] WORKDIR /word_of_the_day
#5 DONE 0.1s

#6 [internal] load build context
#6 transferring context: 53.16kB 0.0s done
#6 DONE 0.1s

#7 [3/5] COPY requirements.txt .
#7 DONE 0.1s

#8 [4/5] RUN pip install -r requirements.txt
#8 7.311 Collecting beautifulsoup4==4.14.2 (from -r requirements.txt (line 1))
#8 7.892   Downloading beautifulsoup4-4.14.2-py3-none-any.whl.metadata (3.8 kB)
#8 8.109 Collecting Requests==2.32.5 (from -r requirements.txt (line 2))
#8 8.146   Downloading requests-2.32.5-py3-none-any.whl.metadata (4.9 kB)
#8 8.284 Collecting soupsieve>1.2 (from beautifulsoup4==4.14.2->-r requirements.txt (line 1))
#8 8.329   Downloading soupsieve-2.8-py3-none-any.whl.metadata (4.6 kB)
#8 8.468 Collecting typing-extensions>=4.0.0 (from beautifulsoup4==4.14.2->-r requirements.txt (line 1))
#8 8.522   Downloading typing_extensions-4.15.0-py3-none-any.whl.metadata (3.3 kB)
#8 9.071 Collecting charset_normalizer<4,>=2 (from Requests==2.32.5->-r requirements.txt (line 2))
#8 9.112   Downloading charset_normalizer-3.4.4-cp312-cp312-manylinux2014_x86_64.manylinux_2_17_x86_64.manylinux_2_28_x86_64.whl.metadata (37 kB)
#8 9.260 Collecting idna<4,>=2.5 (from Requests==2.32.5->-r requirements.txt (line 2))
#8 9.311   Downloading idna-3.11-py3-none-any.whl.metadata (8.4 kB)
#8 9.574 Collecting urllib3<3,>=1.21.1 (from Requests==2.32.5->-r requirements.txt (line 2))
#8 9.619   Downloading urllib3-2.5.0-py3-none-any.whl.metadata (6.5 kB)
#8 9.759 Collecting certifi>=2017.4.17 (from Requests==2.32.5->-r requirements.txt (line 2))
#8 9.801   Downloading certifi-2025.11.12-py3-none-any.whl.metadata (2.5 kB)
#8 9.879 Downloading beautifulsoup4-4.14.2-py3-none-any.whl (106 kB)
#8 9.972 Downloading requests-2.32.5-py3-none-any.whl (64 kB)
#8 10.05 Downloading certifi-2025.11.12-py3-none-any.whl (159 kB)
#8 10.15 Downloading charset_normalizer-3.4.4-cp312-cp312-manylinux2014_x86_64.manylinux_2_17_x86_64.manylinux_2_28_x86_64.whl (153 kB)
#8 10.26 Downloading idna-3.11-py3-none-any.whl (71 kB)
#8 10.33 Downloading soupsieve-2.8-py3-none-any.whl (36 kB)
#8 10.40 Downloading typing_extensions-4.15.0-py3-none-any.whl (44 kB)
#8 10.46 Downloading urllib3-2.5.0-py3-none-any.whl (129 kB)
#8 10.61 Installing collected packages: urllib3, typing-extensions, soupsieve, idna, charset_normalizer, certifi, Requests, beautifulsoup4
#8 12.05 Successfully installed Requests-2.32.5 beautifulsoup4-4.14.2 certifi-2025.11.12 charset_normalizer-3.4.4 idna-3.11 soupsieve-2.8 typing-extensions-4.15.0 urllib3-2.5.0
#8 12.05 WARNING: Running pip as the 'root' user can result in broken permissions and conflicting behaviour with the system package manager, possibly rendering your system unusable.It is recommended to use a virtual environment instead: https://pip.pypa.io/warnings/venv. Use the --root-user-action option if you know what you are doing and want to suppress this warning.
#8 12.78 
#8 12.78 [notice] A new release of pip is available: 24.3.1 -> 25.3
#8 12.78 [notice] To update, run: pip install --upgrade pip
#8 DONE 13.1s

#9 [5/5] COPY . .
#9 DONE 0.1s

#10 exporting to image
#10 exporting layers
#10 exporting layers 0.6s done
#10 writing image sha256:7fc23d718c8b42c499df7249ad678372c0b36969a165a7fbbd163f1ed0771137 done
#10 naming to docker.io/library/word_of_the_day done
#10 DONE 0.6s
