#0 building with "default" instance using docker driver

#1 [internal] load build definition from Dockerfile
#1 transferring dockerfile: 403B done
#1 DONE 0.0s

#2 [internal] load metadata for docker.io/library/python:3.12.9
#2 ERROR: failed to do request: Head "https://registry-1.docker.io/v2/library/python/manifests/3.12.9": dial tcp: lookup registry-1.docker.io on 127.0.0.53:53: server misbehaving
------
 > [internal] load metadata for docker.io/library/python:3.12.9:
------
Dockerfile:2
--------------------
   1 |     # Use the official lightweight Python image based on Debian
   2 | >>> FROM python:3.12.9
   3 |     
   4 |     # Set the working directory
--------------------
ERROR: failed to solve: python:3.12.9: failed to resolve source metadata for docker.io/library/python:3.12.9: failed to do request: Head "https://registry-1.docker.io/v2/library/python/manifests/3.12.9": dial tcp: lookup registry-1.docker.io on 127.0.0.53:53: server misbehaving
Traceback (most recent call last):
  File "/word_of_the_day/src/scraper.py", line 48, in <module>
    print(get_word_of_the_day(soup))
          ^^^^^^^^^^^^^^^^^^^^^^^^^
  File "/word_of_the_day/src/scraper.py", line 12, in get_word_of_the_day
    word = soup.find('h1', class_="js-fit-text").text
           ^^^^^^^^^^^^^^^^^^^^^^^^^^^^^^^^^^^^^^^^^^
AttributeError: 'NoneType' object has no attribute 'text'
